  administrator.c
D:\B23110619\电影票售票系统\file.h(10,33): error C2143: 语法错误: 缺少“)”(在“*”的前面)
  (编译源文件“administrator.c”)
  
D:\B23110619\电影票售票系统\file.h(10,33): error C2143: 语法错误: 缺少“{”(在“*”的前面)
  (编译源文件“administrator.c”)
  
D:\B23110619\电影票售票系统\file.h(10,38): error C2059: 语法错误:“)”
  (编译源文件“administrator.c”)
  
D:\B23110619\电影票售票系统\file.h(11,43): error C2143: 语法错误: 缺少“)”(在“*”的前面)
  (编译源文件“administrator.c”)
  
D:\B23110619\电影票售票系统\file.h(11,43): error C2143: 语法错误: 缺少“{”(在“*”的前面)
  (编译源文件“administrator.c”)
  
D:\B23110619\电影票售票系统\file.h(11,57): error C2059: 语法错误:“)”
  (编译源文件“administrator.c”)
  
D:\B23110619\电影票售票系统\file.h(14,34): error C2143: 语法错误: 缺少“)”(在“*”的前面)
  (编译源文件“administrator.c”)
  
D:\B23110619\电影票售票系统\file.h(14,34): error C2143: 语法错误: 缺少“{”(在“*”的前面)
  (编译源文件“administrator.c”)
  
D:\B23110619\电影票售票系统\file.h(14,45): error C2059: 语法错误:“类型”
  (编译源文件“administrator.c”)
  
D:\B23110619\电影票售票系统\file.h(14,53): error C2059: 语法错误:“)”
  (编译源文件“administrator.c”)
  
D:\B23110619\电影票售票系统\file.h(15,43): error C2143: 语法错误: 缺少“)”(在“*”的前面)
  (编译源文件“administrator.c”)
  
D:\B23110619\电影票售票系统\file.h(15,43): error C2143: 语法错误: 缺少“{”(在“*”的前面)
  (编译源文件“administrator.c”)
  
D:\B23110619\电影票售票系统\file.h(15,63): error C2059: 语法错误:“类型”
  (编译源文件“administrator.c”)
  
D:\B23110619\电影票售票系统\file.h(15,80): error C2059: 语法错误:“)”
  (编译源文件“administrator.c”)
  
D:\B23110619\电影票售票系统\file.h(18,42): error C2143: 语法错误: 缺少“)”(在“*”的前面)
  (编译源文件“administrator.c”)
  
D:\B23110619\电影票售票系统\file.h(18,42): error C2143: 语法错误: 缺少“{”(在“*”的前面)
  (编译源文件“administrator.c”)
  
D:\B23110619\电影票售票系统\file.h(18,47): error C2059: 语法错误:“)”
  (编译源文件“administrator.c”)
  
D:\B23110619\电影票售票系统\administrator.h(28,14): error C2372: “administrator”: 重定义；不同的间接寻址类型
  (编译源文件“administrator.c”)
  D:\B23110619\电影票售票系统\file.h(15,44):
  参见“administrator”的声明
  
D:\B23110619\电影票售票系统\user.h(20,14): error C2372: “user”: 重定义；不同的间接寻址类型
  (编译源文件“administrator.c”)
  D:\B23110619\电影票售票系统\file.h(18,43):
  参见“user”的声明
  
D:\B23110619\电影票售票系统\administrator.c(17,10): warning C4473: “scanf_s”: 没有为格式字符串传递足够的参数
  D:\B23110619\电影票售票系统\administrator.c(17,10):
  占位符和其参数预计 2 可变参数，但提供的却是 1 参数
  D:\B23110619\电影票售票系统\administrator.c(17,10):
  缺失的可变参数 2 为格式字符串“%s”所需
  D:\B23110619\电影票售票系统\administrator.c(17,10):
  此参数用作缓冲区大小
  
D:\B23110619\电影票售票系统\administrator.c(19,10): warning C4473: “scanf_s”: 没有为格式字符串传递足够的参数
  D:\B23110619\电影票售票系统\administrator.c(19,10):
  占位符和其参数预计 2 可变参数，但提供的却是 1 参数
  D:\B23110619\电影票售票系统\administrator.c(19,10):
  缺失的可变参数 2 为格式字符串“%s”所需
  D:\B23110619\电影票售票系统\administrator.c(19,10):
  此参数用作缓冲区大小
  
D:\B23110619\电影票售票系统\administrator.c(21,38): error C2224: “.name”的左侧必须具有结构/联合类型
D:\B23110619\电影票售票系统\administrator.c(21,81): error C2224: “.password”的左侧必须具有结构/联合类型
D:\B23110619\电影票售票系统\administrator.c(35,10): warning C4473: “scanf_s”: 没有为格式字符串传递足够的参数
  D:\B23110619\电影票售票系统\administrator.c(35,10):
  占位符和其参数预计 2 可变参数，但提供的却是 1 参数
  D:\B23110619\电影票售票系统\administrator.c(35,10):
  缺失的可变参数 2 为格式字符串“%s”所需
  D:\B23110619\电影票售票系统\administrator.c(35,10):
  此参数用作缓冲区大小
  
D:\B23110619\电影票售票系统\administrator.c(37,10): warning C4473: “scanf_s”: 没有为格式字符串传递足够的参数
  D:\B23110619\电影票售票系统\administrator.c(37,10):
  占位符和其参数预计 2 可变参数，但提供的却是 1 参数
  D:\B23110619\电影票售票系统\administrator.c(37,10):
  缺失的可变参数 2 为格式字符串“%s”所需
  D:\B23110619\电影票售票系统\administrator.c(37,10):
  此参数用作缓冲区大小
  
D:\B23110619\电影票售票系统\administrator.c(39,10): warning C4473: “scanf_s”: 没有为格式字符串传递足够的参数
  D:\B23110619\电影票售票系统\administrator.c(39,10):
  占位符和其参数预计 2 可变参数，但提供的却是 1 参数
  D:\B23110619\电影票售票系统\administrator.c(39,10):
  缺失的可变参数 2 为格式字符串“%s”所需
  D:\B23110619\电影票售票系统\administrator.c(39,10):
  此参数用作缓冲区大小
  
D:\B23110619\电影票售票系统\administrator.c(41,10): warning C4477: “scanf_s”: 格式字符串“%d”需要类型“int *”的参数，但可变参数 1 拥有了类型“int”
D:\B23110619\电影票售票系统\administrator.c(43,10): warning C4477: “scanf_s”: 格式字符串“%d”需要类型“int *”的参数，但可变参数 1 拥有了类型“int”
D:\B23110619\电影票售票系统\administrator.c(64,11): warning C4473: “scanf_s”: 没有为格式字符串传递足够的参数
  D:\B23110619\电影票售票系统\administrator.c(64,11):
  占位符和其参数预计 2 可变参数，但提供的却是 1 参数
  D:\B23110619\电影票售票系统\administrator.c(64,11):
  缺失的可变参数 2 为格式字符串“%s”所需
  D:\B23110619\电影票售票系统\administrator.c(64,11):
  此参数用作缓冲区大小
  
D:\B23110619\电影票售票系统\administrator.c(69,11): warning C4473: “scanf_s”: 没有为格式字符串传递足够的参数
  D:\B23110619\电影票售票系统\administrator.c(69,11):
  占位符和其参数预计 2 可变参数，但提供的却是 1 参数
  D:\B23110619\电影票售票系统\administrator.c(69,11):
  缺失的可变参数 2 为格式字符串“%s”所需
  D:\B23110619\电影票售票系统\administrator.c(69,11):
  此参数用作缓冲区大小
  
D:\B23110619\电影票售票系统\administrator.c(74,11): warning C4473: “scanf_s”: 没有为格式字符串传递足够的参数
  D:\B23110619\电影票售票系统\administrator.c(74,11):
  占位符和其参数预计 2 可变参数，但提供的却是 1 参数
  D:\B23110619\电影票售票系统\administrator.c(74,11):
  缺失的可变参数 2 为格式字符串“%s”所需
  D:\B23110619\电影票售票系统\administrator.c(74,11):
  此参数用作缓冲区大小
  
D:\B23110619\电影票售票系统\administrator.c(79,11): warning C4473: “scanf_s”: 没有为格式字符串传递足够的参数
  D:\B23110619\电影票售票系统\administrator.c(79,11):
  占位符和其参数预计 2 可变参数，但提供的却是 1 参数
  D:\B23110619\电影票售票系统\administrator.c(79,11):
  缺失的可变参数 2 为格式字符串“%s”所需
  D:\B23110619\电影票售票系统\administrator.c(79,11):
  此参数用作缓冲区大小
  
D:\B23110619\电影票售票系统\administrator.c(80,20): warning C4047: “函数”:“char *”与“int”的间接级别不同
D:\B23110619\电影票售票系统\administrator.c(80,20): warning C4024: “strcpy_s”: 形参和实参 1 的类型不同
  file.c
D:\B23110619\电影票售票系统\file.h(10,33): error C2143: 语法错误: 缺少“)”(在“*”的前面)
  (编译源文件“file.c”)
  
D:\B23110619\电影票售票系统\file.h(10,33): error C2143: 语法错误: 缺少“{”(在“*”的前面)
  (编译源文件“file.c”)
  
D:\B23110619\电影票售票系统\file.h(10,38): error C2059: 语法错误:“)”
  (编译源文件“file.c”)
  
D:\B23110619\电影票售票系统\file.h(11,43): error C2143: 语法错误: 缺少“)”(在“*”的前面)
  (编译源文件“file.c”)
  
D:\B23110619\电影票售票系统\file.h(11,43): error C2143: 语法错误: 缺少“{”(在“*”的前面)
  (编译源文件“file.c”)
  
D:\B23110619\电影票售票系统\file.h(11,57): error C2059: 语法错误:“)”
  (编译源文件“file.c”)
  
D:\B23110619\电影票售票系统\file.h(14,34): error C2143: 语法错误: 缺少“)”(在“*”的前面)
  (编译源文件“file.c”)
  
D:\B23110619\电影票售票系统\file.h(14,34): error C2143: 语法错误: 缺少“{”(在“*”的前面)
  (编译源文件“file.c”)
  
D:\B23110619\电影票售票系统\file.h(14,45): error C2059: 语法错误:“类型”
  (编译源文件“file.c”)
  
D:\B23110619\电影票售票系统\file.h(14,53): error C2059: 语法错误:“)”
  (编译源文件“file.c”)
  
D:\B23110619\电影票售票系统\file.h(15,43): error C2143: 语法错误: 缺少“)”(在“*”的前面)
  (编译源文件“file.c”)
  
D:\B23110619\电影票售票系统\file.h(15,43): error C2143: 语法错误: 缺少“{”(在“*”的前面)
  (编译源文件“file.c”)
  
D:\B23110619\电影票售票系统\file.h(15,63): error C2059: 语法错误:“类型”
  (编译源文件“file.c”)
  
D:\B23110619\电影票售票系统\file.h(15,80): error C2059: 语法错误:“)”
  (编译源文件“file.c”)
  
D:\B23110619\电影票售票系统\file.h(18,42): error C2143: 语法错误: 缺少“)”(在“*”的前面)
  (编译源文件“file.c”)
  
D:\B23110619\电影票售票系统\file.h(18,42): error C2143: 语法错误: 缺少“{”(在“*”的前面)
  (编译源文件“file.c”)
  
D:\B23110619\电影票售票系统\file.h(18,47): error C2059: 语法错误:“)”
  (编译源文件“file.c”)
  
D:\B23110619\电影票售票系统\administrator.h(28,14): error C2372: “administrator”: 重定义；不同的间接寻址类型
  (编译源文件“file.c”)
  D:\B23110619\电影票售票系统\file.h(15,44):
  参见“administrator”的声明
  
D:\B23110619\电影票售票系统\user.h(20,14): error C2372: “user”: 重定义；不同的间接寻址类型
  (编译源文件“file.c”)
  D:\B23110619\电影票售票系统\file.h(18,43):
  参见“user”的声明
  
  mainControl.c
D:\B23110619\电影票售票系统\file.h(10,33): error C2143: 语法错误: 缺少“)”(在“*”的前面)
  (编译源文件“mainControl.c”)
  
D:\B23110619\电影票售票系统\file.h(10,33): error C2143: 语法错误: 缺少“{”(在“*”的前面)
  (编译源文件“mainControl.c”)
  
D:\B23110619\电影票售票系统\file.h(10,38): error C2059: 语法错误:“)”
  (编译源文件“mainControl.c”)
  
D:\B23110619\电影票售票系统\file.h(11,43): error C2143: 语法错误: 缺少“)”(在“*”的前面)
  (编译源文件“mainControl.c”)
  
D:\B23110619\电影票售票系统\file.h(11,43): error C2143: 语法错误: 缺少“{”(在“*”的前面)
  (编译源文件“mainControl.c”)
  
D:\B23110619\电影票售票系统\file.h(11,57): error C2059: 语法错误:“)”
  (编译源文件“mainControl.c”)
  
D:\B23110619\电影票售票系统\file.h(14,34): error C2143: 语法错误: 缺少“)”(在“*”的前面)
  (编译源文件“mainControl.c”)
  
D:\B23110619\电影票售票系统\file.h(14,34): error C2143: 语法错误: 缺少“{”(在“*”的前面)
  (编译源文件“mainControl.c”)
  
D:\B23110619\电影票售票系统\file.h(14,45): error C2059: 语法错误:“类型”
  (编译源文件“mainControl.c”)
  
D:\B23110619\电影票售票系统\file.h(14,53): error C2059: 语法错误:“)”
  (编译源文件“mainControl.c”)
  
D:\B23110619\电影票售票系统\file.h(15,43): error C2143: 语法错误: 缺少“)”(在“*”的前面)
  (编译源文件“mainControl.c”)
  
D:\B23110619\电影票售票系统\file.h(15,43): error C2143: 语法错误: 缺少“{”(在“*”的前面)
  (编译源文件“mainControl.c”)
  
D:\B23110619\电影票售票系统\file.h(15,63): error C2059: 语法错误:“类型”
  (编译源文件“mainControl.c”)
  
D:\B23110619\电影票售票系统\file.h(15,80): error C2059: 语法错误:“)”
  (编译源文件“mainControl.c”)
  
D:\B23110619\电影票售票系统\file.h(18,42): error C2143: 语法错误: 缺少“)”(在“*”的前面)
  (编译源文件“mainControl.c”)
  
D:\B23110619\电影票售票系统\file.h(18,42): error C2143: 语法错误: 缺少“{”(在“*”的前面)
  (编译源文件“mainControl.c”)
  
D:\B23110619\电影票售票系统\file.h(18,47): error C2059: 语法错误:“)”
  (编译源文件“mainControl.c”)
  
D:\B23110619\电影票售票系统\administrator.h(28,14): error C2372: “administrator”: 重定义；不同的间接寻址类型
  (编译源文件“mainControl.c”)
  D:\B23110619\电影票售票系统\file.h(15,44):
  参见“administrator”的声明
  
D:\B23110619\电影票售票系统\user.h(20,14): error C2372: “user”: 重定义；不同的间接寻址类型
  (编译源文件“mainControl.c”)
  D:\B23110619\电影票售票系统\file.h(18,43):
  参见“user”的声明
  
D:\B23110619\电影票售票系统\mainControl.c(28,13): warning C4013: “read_user_file”未定义；假设外部返回 int
D:\B23110619\电影票售票系统\mainControl.c(30,2): warning C4013: “read_administrator_file”未定义；假设外部返回 int
D:\B23110619\电影票售票系统\mainControl.c(40,2): warning C4013: “save_user_file”未定义；假设外部返回 int
D:\B23110619\电影票售票系统\mainControl.c(42,2): warning C4013: “save_administrator_file”未定义；假设外部返回 int
D:\B23110619\电影票售票系统\mainControl.c(394,4): warning C4013: “run_administrator_choose”未定义；假设外部返回 int
D:\B23110619\电影票售票系统\mainControl.c(490,9): warning C4477: “printf”: 格式字符串“%d”需要类型“int”的参数，但可变参数 1 拥有了类型“box”
  menu.c
D:\B23110619\电影票售票系统\file.h(10,33): error C2143: 语法错误: 缺少“)”(在“*”的前面)
  (编译源文件“menu.c”)
  
D:\B23110619\电影票售票系统\file.h(10,33): error C2143: 语法错误: 缺少“{”(在“*”的前面)
  (编译源文件“menu.c”)
  
D:\B23110619\电影票售票系统\file.h(10,38): error C2059: 语法错误:“)”
  (编译源文件“menu.c”)
  
D:\B23110619\电影票售票系统\file.h(11,43): error C2143: 语法错误: 缺少“)”(在“*”的前面)
  (编译源文件“menu.c”)
  
D:\B23110619\电影票售票系统\file.h(11,43): error C2143: 语法错误: 缺少“{”(在“*”的前面)
  (编译源文件“menu.c”)
  
D:\B23110619\电影票售票系统\file.h(11,57): error C2059: 语法错误:“)”
  (编译源文件“menu.c”)
  
D:\B23110619\电影票售票系统\file.h(14,34): error C2143: 语法错误: 缺少“)”(在“*”的前面)
  (编译源文件“menu.c”)
  
D:\B23110619\电影票售票系统\file.h(14,34): error C2143: 语法错误: 缺少“{”(在“*”的前面)
  (编译源文件“menu.c”)
  
D:\B23110619\电影票售票系统\file.h(14,45): error C2059: 语法错误:“类型”
  (编译源文件“menu.c”)
  
D:\B23110619\电影票售票系统\file.h(14,53): error C2059: 语法错误:“)”
  (编译源文件“menu.c”)
  
D:\B23110619\电影票售票系统\file.h(15,43): error C2143: 语法错误: 缺少“)”(在“*”的前面)
  (编译源文件“menu.c”)
  
D:\B23110619\电影票售票系统\file.h(15,43): error C2143: 语法错误: 缺少“{”(在“*”的前面)
  (编译源文件“menu.c”)
  
D:\B23110619\电影票售票系统\file.h(15,63): error C2059: 语法错误:“类型”
  (编译源文件“menu.c”)
  
D:\B23110619\电影票售票系统\file.h(15,80): error C2059: 语法错误:“)”
  (编译源文件“menu.c”)
  
D:\B23110619\电影票售票系统\file.h(18,42): error C2143: 语法错误: 缺少“)”(在“*”的前面)
  (编译源文件“menu.c”)
  
D:\B23110619\电影票售票系统\file.h(18,42): error C2143: 语法错误: 缺少“{”(在“*”的前面)
  (编译源文件“menu.c”)
  
D:\B23110619\电影票售票系统\file.h(18,47): error C2059: 语法错误:“)”
  (编译源文件“menu.c”)
  
D:\B23110619\电影票售票系统\administrator.h(28,14): error C2372: “administrator”: 重定义；不同的间接寻址类型
  (编译源文件“menu.c”)
  D:\B23110619\电影票售票系统\file.h(15,44):
  参见“administrator”的声明
  
D:\B23110619\电影票售票系统\user.h(20,14): error C2372: “user”: 重定义；不同的间接寻址类型
  (编译源文件“menu.c”)
  D:\B23110619\电影票售票系统\file.h(18,43):
  参见“user”的声明
  
  movie.c
D:\B23110619\电影票售票系统\file.h(10,33): error C2143: 语法错误: 缺少“)”(在“*”的前面)
  (编译源文件“movie.c”)
  
D:\B23110619\电影票售票系统\file.h(10,33): error C2143: 语法错误: 缺少“{”(在“*”的前面)
  (编译源文件“movie.c”)
  
D:\B23110619\电影票售票系统\file.h(10,38): error C2059: 语法错误:“)”
  (编译源文件“movie.c”)
  
D:\B23110619\电影票售票系统\file.h(11,43): error C2143: 语法错误: 缺少“)”(在“*”的前面)
  (编译源文件“movie.c”)
  
D:\B23110619\电影票售票系统\file.h(11,43): error C2143: 语法错误: 缺少“{”(在“*”的前面)
  (编译源文件“movie.c”)
  
D:\B23110619\电影票售票系统\file.h(11,57): error C2059: 语法错误:“)”
  (编译源文件“movie.c”)
  
D:\B23110619\电影票售票系统\file.h(14,34): error C2143: 语法错误: 缺少“)”(在“*”的前面)
  (编译源文件“movie.c”)
  
D:\B23110619\电影票售票系统\file.h(14,34): error C2143: 语法错误: 缺少“{”(在“*”的前面)
  (编译源文件“movie.c”)
  
D:\B23110619\电影票售票系统\file.h(14,45): error C2059: 语法错误:“类型”
  (编译源文件“movie.c”)
  
D:\B23110619\电影票售票系统\file.h(14,53): error C2059: 语法错误:“)”
  (编译源文件“movie.c”)
  
D:\B23110619\电影票售票系统\file.h(15,43): error C2143: 语法错误: 缺少“)”(在“*”的前面)
  (编译源文件“movie.c”)
  
D:\B23110619\电影票售票系统\file.h(15,43): error C2143: 语法错误: 缺少“{”(在“*”的前面)
  (编译源文件“movie.c”)
  
D:\B23110619\电影票售票系统\file.h(15,63): error C2059: 语法错误:“类型”
  (编译源文件“movie.c”)
  
D:\B23110619\电影票售票系统\file.h(15,80): error C2059: 语法错误:“)”
  (编译源文件“movie.c”)
  
D:\B23110619\电影票售票系统\file.h(18,42): error C2143: 语法错误: 缺少“)”(在“*”的前面)
  (编译源文件“movie.c”)
  
D:\B23110619\电影票售票系统\file.h(18,42): error C2143: 语法错误: 缺少“{”(在“*”的前面)
  (编译源文件“movie.c”)
  
D:\B23110619\电影票售票系统\file.h(18,47): error C2059: 语法错误:“)”
  (编译源文件“movie.c”)
  
D:\B23110619\电影票售票系统\administrator.h(28,14): error C2372: “administrator”: 重定义；不同的间接寻址类型
  (编译源文件“movie.c”)
  D:\B23110619\电影票售票系统\file.h(15,44):
  参见“administrator”的声明
  
D:\B23110619\电影票售票系统\user.h(20,14): error C2372: “user”: 重定义；不同的间接寻址类型
  (编译源文件“movie.c”)
  D:\B23110619\电影票售票系统\file.h(18,43):
  参见“user”的声明
  
  user.c
D:\B23110619\电影票售票系统\file.h(10,33): error C2143: 语法错误: 缺少“)”(在“*”的前面)
  (编译源文件“user.c”)
  
D:\B23110619\电影票售票系统\file.h(10,33): error C2143: 语法错误: 缺少“{”(在“*”的前面)
  (编译源文件“user.c”)
  
D:\B23110619\电影票售票系统\file.h(10,38): error C2059: 语法错误:“)”
  (编译源文件“user.c”)
  
D:\B23110619\电影票售票系统\file.h(11,43): error C2143: 语法错误: 缺少“)”(在“*”的前面)
  (编译源文件“user.c”)
  
D:\B23110619\电影票售票系统\file.h(11,43): error C2143: 语法错误: 缺少“{”(在“*”的前面)
  (编译源文件“user.c”)
  
D:\B23110619\电影票售票系统\file.h(11,57): error C2059: 语法错误:“)”
  (编译源文件“user.c”)
  
D:\B23110619\电影票售票系统\file.h(14,34): error C2143: 语法错误: 缺少“)”(在“*”的前面)
  (编译源文件“user.c”)
  
D:\B23110619\电影票售票系统\file.h(14,34): error C2143: 语法错误: 缺少“{”(在“*”的前面)
  (编译源文件“user.c”)
  
D:\B23110619\电影票售票系统\file.h(14,45): error C2059: 语法错误:“类型”
  (编译源文件“user.c”)
  
D:\B23110619\电影票售票系统\file.h(14,53): error C2059: 语法错误:“)”
  (编译源文件“user.c”)
  
D:\B23110619\电影票售票系统\file.h(15,43): error C2143: 语法错误: 缺少“)”(在“*”的前面)
  (编译源文件“user.c”)
  
D:\B23110619\电影票售票系统\file.h(15,43): error C2143: 语法错误: 缺少“{”(在“*”的前面)
  (编译源文件“user.c”)
  
D:\B23110619\电影票售票系统\file.h(15,63): error C2059: 语法错误:“类型”
  (编译源文件“user.c”)
  
D:\B23110619\电影票售票系统\file.h(15,80): error C2059: 语法错误:“)”
  (编译源文件“user.c”)
  
D:\B23110619\电影票售票系统\file.h(18,42): error C2143: 语法错误: 缺少“)”(在“*”的前面)
  (编译源文件“user.c”)
  
D:\B23110619\电影票售票系统\file.h(18,42): error C2143: 语法错误: 缺少“{”(在“*”的前面)
  (编译源文件“user.c”)
  
D:\B23110619\电影票售票系统\file.h(18,47): error C2059: 语法错误:“)”
  (编译源文件“user.c”)
  
D:\B23110619\电影票售票系统\administrator.h(28,14): error C2372: “administrator”: 重定义；不同的间接寻址类型
  (编译源文件“user.c”)
  D:\B23110619\电影票售票系统\file.h(15,44):
  参见“administrator”的声明
  
D:\B23110619\电影票售票系统\user.h(20,14): error C2372: “user”: 重定义；不同的间接寻址类型
  (编译源文件“user.c”)
  D:\B23110619\电影票售票系统\file.h(18,43):
  参见“user”的声明
  
D:\B23110619\电影票售票系统\user.c(21,10): warning C4473: “scanf_s”: 没有为格式字符串传递足够的参数
  D:\B23110619\电影票售票系统\user.c(21,10):
  占位符和其参数预计 2 可变参数，但提供的却是 1 参数
  D:\B23110619\电影票售票系统\user.c(21,10):
  缺失的可变参数 2 为格式字符串“%s”所需
  D:\B23110619\电影票售票系统\user.c(21,10):
  此参数用作缓冲区大小
  
D:\B23110619\电影票售票系统\user.c(23,10): warning C4473: “scanf_s”: 没有为格式字符串传递足够的参数
  D:\B23110619\电影票售票系统\user.c(23,10):
  占位符和其参数预计 2 可变参数，但提供的却是 1 参数
  D:\B23110619\电影票售票系统\user.c(23,10):
  缺失的可变参数 2 为格式字符串“%s”所需
  D:\B23110619\电影票售票系统\user.c(23,10):
  此参数用作缓冲区大小
  
D:\B23110619\电影票售票系统\user.c(26,44): error C2224: “.account_number”的左侧必须具有结构/联合类型
D:\B23110619\电影票售票系统\user.c(26,7): error C2198: “strcmp”: 用于调用的参数太少
D:\B23110619\电影票售票系统\user.c(37,27): error C2224: “.account_number”的左侧必须具有结构/联合类型
D:\B23110619\电影票售票系统\user.c(37,43): warning C4047: “函数”:“char *”与“size_t”的间接级别不同
D:\B23110619\电影票售票系统\user.c(37,43): warning C4024: “strcpy_s”: 形参和实参 1 的类型不同
D:\B23110619\电影票售票系统\user.c(37,78): warning C4047: “函数”:“rsize_t”与“char [20]”的间接级别不同
D:\B23110619\电影票售票系统\user.c(37,78): warning C4024: “strcpy_s”: 形参和实参 2 的类型不同
D:\B23110619\电影票售票系统\user.c(37,3): error C2198: “strcpy_s”: 用于调用的参数太少
D:\B23110619\电影票售票系统\user.c(38,27): error C2224: “.password”的左侧必须具有结构/联合类型
D:\B23110619\电影票售票系统\user.c(38,37): warning C4047: “函数”:“char *”与“size_t”的间接级别不同
D:\B23110619\电影票售票系统\user.c(38,37): warning C4024: “strcpy_s”: 形参和实参 1 的类型不同
D:\B23110619\电影票售票系统\user.c(38,66): warning C4047: “函数”:“rsize_t”与“char [10]”的间接级别不同
D:\B23110619\电影票售票系统\user.c(38,66): warning C4024: “strcpy_s”: 形参和实参 2 的类型不同
D:\B23110619\电影票售票系统\user.c(38,3): error C2198: “strcpy_s”: 用于调用的参数太少
D:\B23110619\电影票售票系统\user.c(52,10): warning C4473: “scanf_s”: 没有为格式字符串传递足够的参数
  D:\B23110619\电影票售票系统\user.c(52,10):
  占位符和其参数预计 2 可变参数，但提供的却是 1 参数
  D:\B23110619\电影票售票系统\user.c(52,10):
  缺失的可变参数 2 为格式字符串“%s”所需
  D:\B23110619\电影票售票系统\user.c(52,10):
  此参数用作缓冲区大小
  
D:\B23110619\电影票售票系统\user.c(54,10): warning C4473: “scanf_s”: 没有为格式字符串传递足够的参数
  D:\B23110619\电影票售票系统\user.c(54,10):
  占位符和其参数预计 2 可变参数，但提供的却是 1 参数
  D:\B23110619\电影票售票系统\user.c(54,10):
  缺失的可变参数 2 为格式字符串“%s”所需
  D:\B23110619\电影票售票系统\user.c(54,10):
  此参数用作缓冲区大小
  
D:\B23110619\电影票售票系统\user.c(56,39): error C2224: “.account_number”的左侧必须具有结构/联合类型
D:\B23110619\电影票售票系统\user.c(56,83): error C2224: “.password”的左侧必须具有结构/联合类型
  正在生成代码...
